May 08 15:48 : exception: Failed to open '/home/less/.mpd/mpdstate': No such file or directory
May 08 15:48 : update: added /Culture Code - Make Me Move (feat. Karra) [NCS Release].mp3
May 08 15:48 : update: added Momodora Reverie Under the Moonlight OST/14 The Lovely Queen.mp3
May 08 15:48 : update: added Momodora Reverie Under the Moonlight OST/12 Assault.mp3
May 08 15:48 : update: added Momodora Reverie Under the Moonlight OST/04 Malevolence.mp3
May 08 15:48 : update: added Momodora Reverie Under the Moonlight OST/16 Momodora Theme.mp3
May 08 15:48 : update: added Momodora Reverie Under the Moonlight OST/10 Gardens of Stone.mp3
May 08 15:48 : update: added Momodora Reverie Under the Moonlight OST/05 Alabaster.mp3
May 08 15:48 : update: added Momodora Reverie Under the Moonlight OST/15 Reverie.mp3
May 08 15:48 : update: added Momodora Reverie Under the Moonlight OST/20 Pardoner_s Dance (Chiptune).mp3
May 08 15:48 : update: added Momodora Reverie Under the Moonlight OST/08 Darkness.mp3
May 08 15:48 : update: added Momodora Reverie Under the Moonlight OST/03 File Select.mp3
May 08 15:48 : update: added Momodora Reverie Under the Moonlight OST/07 House of Cinders.mp3
May 08 15:48 : update: added Momodora Reverie Under the Moonlight OST/06 Pardoner_s Dance.mp3
May 08 15:48 : update: added Momodora Reverie Under the Moonlight OST/21 Hallowed_Ground.mp3
May 08 15:48 : update: added Momodora Reverie Under the Moonlight OST/11 Fragmented Majesty.mp3
May 08 15:48 : update: added Momodora Reverie Under the Moonlight OST/13 Reprise.mp3
May 08 15:48 : update: added Momodora Reverie Under the Moonlight OST/17 Alone (Bonus Track).mp3
May 08 15:48 : update: added Momodora Reverie Under the Moonlight OST/01 Overture.mp3
May 08 15:48 : update: added Momodora Reverie Under the Moonlight OST/18 Sunken Ruin (Bonus Track).mp3
May 08 15:48 : update: added Momodora Reverie Under the Moonlight OST/09 Confrontation.mp3
May 08 15:48 : update: added Momodora Reverie Under the Moonlight OST/19 The Royal Garden (Bonus Track).mp3
May 08 15:48 : update: added Momodora Reverie Under the Moonlight OST/02 Title.mp3
May 08 15:48 : update: added /N3WPORT - Power (feat. braev) [NCS Release].mp3
May 08 15:48 : update: added /NEFFEX - Grateful [Copyright Free].mp3
May 08 15:48 : update: added Hollow Knight - Gods _ Nightmares/10 Daughter of Hallownest.mp3
May 08 15:48 : update: added Hollow Knight - Gods _ Nightmares/09 Gods _ Glory.mp3
May 08 15:48 : update: added Hollow Knight - Gods _ Nightmares/05 Nightmare King.mp3
May 08 15:48 : update: added Hollow Knight - Gods _ Nightmares/07 Dreamers.mp3
May 08 15:48 : update: added Hollow Knight - Gods _ Nightmares/01 Hive Knight.mp3
May 08 15:48 : update: added Hollow Knight - Gods _ Nightmares/13 Haunted Foes.mp3
May 08 15:48 : update: added Hollow Knight - Gods _ Nightmares/04 The Grimm Troupe.mp3
May 08 15:48 : update: added Hollow Knight - Gods _ Nightmares/06 White Defender.mp3
May 08 15:48 : update: added Hollow Knight - Gods _ Nightmares/12 Sisters of Battle.mp3
May 08 15:48 : update: added Hollow Knight - Gods _ Nightmares/03 Nightmare Lantern (Interlude).mp3
May 08 15:48 : update: added Hollow Knight - Gods _ Nightmares/14 Furious Gods.mp3
May 08 15:48 : update: added Hollow Knight - Gods _ Nightmares/08 Pale Court.mp3
May 08 15:48 : update: added Hollow Knight - Gods _ Nightmares/15 Pure Vessel.mp3
May 08 15:48 : update: added Hollow Knight - Gods _ Nightmares/11 Godhome.mp3
May 08 15:48 : update: added Hollow Knight - Gods _ Nightmares/02 Truth, Beauty and Hatred.mp3
May 08 15:48 : update: added /Mai Yamane & Yoko Kanno - The Real Folk Blues.mp3
May 08 15:48 : update: added /Yoko Kanno & The Seatbelts - SPACE LION.mp3
May 08 15:48 : update: added Hollow Knight - Official Soundtrack/18 - Broken Vessel.mp3
May 08 15:48 : update: added Hollow Knight - Official Soundtrack/09 - City of Tears.mp3
May 08 15:48 : update: added Hollow Knight - Official Soundtrack/24 - Sealed Vessel.mp3
May 08 15:48 : update: added Hollow Knight - Official Soundtrack/10 - Dung Defender.mp3
May 08 15:48 : update: added Hollow Knight - Official Soundtrack/04 - False Knight.mp3
May 08 15:48 : update: added Hollow Knight - Official Soundtrack/17 - The White Lady.mp3
May 08 15:48 : update: added Hollow Knight - Official Soundtrack/25 - Radiance.mp3
May 08 15:48 : update: added Hollow Knight - Official Soundtrack/15 - Resting Grounds.mp3
May 08 15:48 : update: added Hollow Knight - Official Soundtrack/08 - Mantis Lords.mp3
May 08 15:48 : update: added Hollow Knight - Official Soundtrack/03 - Crossroads.mp3
May 08 15:48 : update: added Hollow Knight - Official Soundtrack/11 - Crystal Peak.mp3
May 08 15:48 : update: added Hollow Knight - Official Soundtrack/01 - Enter Hallownest.mp3
May 08 15:48 : update: added Hollow Knight - Official Soundtrack/26 - Hollow Knight.mp3
May 08 15:48 : update: added Hollow Knight - Official Soundtrack/23 - White Palace.mp3
May 08 15:48 : update: added Hollow Knight - Official Soundtrack/21 - Dream.mp3
May 08 15:48 : update: added Hollow Knight - Official Soundtrack/19 - Kingdom_s Edge.mp3
May 08 15:48 : update: added Hollow Knight - Official Soundtrack/20 - Nosk.mp3
May 08 15:48 : update: added Hollow Knight - Official Soundtrack/14 - Soul Sanctum.mp3
May 08 15:48 : update: added Hollow Knight - Official Soundtrack/22 - Dream Battle.mp3
May 08 15:48 : update: added Hollow Knight - Official Soundtrack/06 - Hornet.mp3
May 08 15:48 : update: added Hollow Knight - Official Soundtrack/07 - Reflection.mp3
May 08 15:48 : update: added Hollow Knight - Official Soundtrack/16 - Queen_s Gardens.mp3
May 08 15:48 : update: added Hollow Knight - Official Soundtrack/13 - Decisive Battle.mp3
May 08 15:48 : update: added Hollow Knight - Official Soundtrack/12 - Fungal Wastes.mp3
May 08 15:48 : update: added Hollow Knight - Official Soundtrack/02 - Dirtmouth.mp3
May 08 15:48 : update: added Hollow Knight - Official Soundtrack/05 - Greenpath.mp3
May 08 15:48 : update: added /シートベルツ - Tank!.mp3
May 08 15:48 : update: added /Cartoon - On & On (feat. Daniel Levi) [NCS Release].mp3
May 08 15:48 : update: added /Janji - Heroes Tonight (feat. Johnning) [NCS Release].mp3
May 08 15:50 : exception: Failed to open '/home/less/.mpd/mpdstate': No such file or directory
May 08 15:51 : exception: Failed to open '/home/less/.mpd/mpdstate': No such file or directory
May 08 15:51 : exception: Failed to open '/home/less/.mpd/mpdstate': No such file or directory
May 08 15:52 : exception: Failed to open '/home/less/.mpd/mpdstate': No such file or directory
May 08 15:52 : exception: Failed to open '/home/less/.mpd/mpdstate': No such file or directory
May 08 15:53 : exception: Failed to open '/home/less/.mpd/mpdstate': No such file or directory
May 08 15:56 : player: played "NEFFEX - Grateful [Copyright Free].mp3"
May 08 15:57 : player: played "NEFFEX - Grateful [Copyright Free].mp3"
May 08 16:00 : player: played "NEFFEX - Grateful [Copyright Free].mp3"
May 08 16:07 : player: played "Hollow Knight - Official Soundtrack/01 - Enter Hallownest.mp3"
May 08 16:09 : player: played "Hollow Knight - Official Soundtrack/02 - Dirtmouth.mp3"
May 08 16:11 : player: played "Hollow Knight - Official Soundtrack/03 - Crossroads.mp3"
May 08 16:20 : player: played "Hollow Knight - Official Soundtrack/03 - Crossroads.mp3"
May 08 16:23 : player: played "Hollow Knight - Official Soundtrack/03 - Crossroads.mp3"
May 08 16:27 : player: played "Hollow Knight - Official Soundtrack/03 - Crossroads.mp3"
May 08 16:30 : player: played "Hollow Knight - Official Soundtrack/03 - Crossroads.mp3"
May 08 16:33 : player: played "Hollow Knight - Official Soundtrack/04 - False Knight.mp3"
May 08 16:36 : player: played "Hollow Knight - Official Soundtrack/05 - Greenpath.mp3"
May 08 16:40 : player: played "Hollow Knight - Official Soundtrack/06 - Hornet.mp3"
May 08 16:49 : player: played "Hollow Knight - Official Soundtrack/06 - Hornet.mp3"
May 08 16:51 : player: played "Hollow Knight - Official Soundtrack/07 - Reflection.mp3"
May 08 16:54 : player: played "Hollow Knight - Official Soundtrack/07 - Reflection.mp3"
May 08 16:54 : player: played "Hollow Knight - Official Soundtrack/07 - Reflection.mp3"
May 08 17:04 : player: played "Hollow Knight - Official Soundtrack/07 - Reflection.mp3"
May 08 17:17 : player: played "Hollow Knight - Official Soundtrack/07 - Reflection.mp3"
May 08 17:28 : player: played "Hollow Knight - Official Soundtrack/07 - Reflection.mp3"
May 08 17:30 : player: played "Hollow Knight - Official Soundtrack/07 - Reflection.mp3"
May 08 17:32 : player: played "Hollow Knight - Official Soundtrack/08 - Mantis Lords.mp3"
May 08 17:36 : player: played "Hollow Knight - Official Soundtrack/09 - City of Tears.mp3"
May 08 17:38 : player: played "Hollow Knight - Official Soundtrack/09 - City of Tears.mp3"
May 08 17:40 : player: played "Hollow Knight - Official Soundtrack/10 - Dung Defender.mp3"
May 08 17:45 : player: played "Hollow Knight - Official Soundtrack/11 - Crystal Peak.mp3"
May 08 18:36 : player: played "Hollow Knight - Official Soundtrack/11 - Crystal Peak.mp3"
May 08 18:39 : player: played "Hollow Knight - Official Soundtrack/12 - Fungal Wastes.mp3"
May 08 18:41 : player: played "Hollow Knight - Official Soundtrack/13 - Decisive Battle.mp3"
May 08 18:46 : player: played "Hollow Knight - Official Soundtrack/14 - Soul Sanctum.mp3"
May 08 18:48 : player: played "Hollow Knight - Official Soundtrack/15 - Resting Grounds.mp3"
May 08 18:50 : player: played "Hollow Knight - Official Soundtrack/16 - Queen_s Gardens.mp3"
May 08 18:51 : player: played "Hollow Knight - Official Soundtrack/17 - The White Lady.mp3"
May 08 18:53 : player: played "Hollow Knight - Official Soundtrack/18 - Broken Vessel.mp3"
May 08 18:56 : player: played "Hollow Knight - Official Soundtrack/19 - Kingdom_s Edge.mp3"
May 08 18:57 : player: played "Hollow Knight - Official Soundtrack/20 - Nosk.mp3"
May 08 18:59 : player: played "Hollow Knight - Official Soundtrack/21 - Dream.mp3"
May 08 19:02 : player: played "Hollow Knight - Official Soundtrack/22 - Dream Battle.mp3"
May 08 19:04 : player: played "Hollow Knight - Official Soundtrack/23 - White Palace.mp3"
May 08 19:07 : player: played "Hollow Knight - Official Soundtrack/23 - White Palace.mp3"
May 08 19:13 : player: played "Hollow Knight - Official Soundtrack/23 - White Palace.mp3"
May 08 19:17 : player: played "Hollow Knight - Official Soundtrack/24 - Sealed Vessel.mp3"
May 08 19:24 : player: played "Hollow Knight - Official Soundtrack/24 - Sealed Vessel.mp3"
May 08 19:26 : player: played "Hollow Knight - Official Soundtrack/25 - Radiance.mp3"
May 08 19:28 : player: played "Hollow Knight - Official Soundtrack/26 - Hollow Knight.mp3"
May 08 19:30 : player: played "Hollow Knight - Gods _ Nightmares/01 Hive Knight.mp3"
May 08 19:32 : player: played "Hollow Knight - Gods _ Nightmares/02 Truth, Beauty and Hatred.mp3"
May 08 19:32 : player: played "Hollow Knight - Gods _ Nightmares/03 Nightmare Lantern (Interlude).mp3"
May 08 19:34 : player: played "Hollow Knight - Gods _ Nightmares/04 The Grimm Troupe.mp3"
May 08 19:37 : player: played "Hollow Knight - Gods _ Nightmares/05 Nightmare King.mp3"
May 08 19:38 : player: played "Hollow Knight - Gods _ Nightmares/05 Nightmare King.mp3"
May 08 19:38 : player: played "Hollow Knight - Gods _ Nightmares/05 Nightmare King.mp3"
May 08 19:38 : player: played "Hollow Knight - Gods _ Nightmares/05 Nightmare King.mp3"
May 08 19:40 : player: played "Hollow Knight - Gods _ Nightmares/05 Nightmare King.mp3"
May 08 20:08 : player: played "Hollow Knight - Gods _ Nightmares/05 Nightmare King.mp3"
May 08 20:12 : player: played "Hollow Knight - Gods _ Nightmares/06 White Defender.mp3"
May 08 20:12 : player: played "Hollow Knight - Gods _ Nightmares/07 Dreamers.mp3"
May 08 20:15 : player: played "Momodora Reverie Under the Moonlight OST/11 Fragmented Majesty.mp3"
May 08 20:15 : player: played "Hollow Knight - Gods _ Nightmares/07 Dreamers.mp3"
May 08 22:17 : player: played "Hollow Knight - Official Soundtrack/18 - Broken Vessel.mp3"
May 08 22:21 : player: played "Hollow Knight - Official Soundtrack/11 - Crystal Peak.mp3"
May 08 22:24 : player: played "Momodora Reverie Under the Moonlight OST/10 Gardens of Stone.mp3"
May 08 22:24 : player: played "Momodora Reverie Under the Moonlight OST/11 Fragmented Majesty.mp3"
May 10 12:11 : player: played "Momodora Reverie Under the Moonlight OST/11 Fragmented Majesty.mp3"
May 10 12:12 : player: played "Momodora Reverie Under the Moonlight OST/12 Assault.mp3"
May 10 12:13 : player: played "Momodora Reverie Under the Moonlight OST/13 Reprise.mp3"
May 10 12:16 : player: played "Momodora Reverie Under the Moonlight OST/14 The Lovely Queen.mp3"
May 10 12:19 : player: played "Momodora Reverie Under the Moonlight OST/15 Reverie.mp3"
May 10 12:20 : player: played "Momodora Reverie Under the Moonlight OST/16 Momodora Theme.mp3"
May 10 12:21 : player: played "Momodora Reverie Under the Moonlight OST/17 Alone (Bonus Track).mp3"
May 10 12:23 : player: played "Momodora Reverie Under the Moonlight OST/18 Sunken Ruin (Bonus Track).mp3"
May 10 12:24 : player: played "Momodora Reverie Under the Moonlight OST/19 The Royal Garden (Bonus Track).mp3"
May 10 12:26 : player: played "Momodora Reverie Under the Moonlight OST/21 Hallowed_Ground.mp3"
May 10 12:30 : player: played "シートベルツ - Tank!.mp3"
May 10 12:37 : player: played "Yoko Kanno & The Seatbelts - SPACE LION.mp3"
May 10 12:49 : player: played "Mai Yamane & Yoko Kanno - The Real Folk Blues.mp3"
May 10 12:52 : player: played "NEFFEX - Grateful [Copyright Free].mp3"
May 10 12:56 : player: played "Cartoon - On & On (feat. Daniel Levi) [NCS Release].mp3"
May 10 12:58 : player: played "Culture Code - Make Me Move (feat. Karra) [NCS Release].mp3"
May 10 13:34 : player: played "Culture Code - Make Me Move (feat. Karra) [NCS Release].mp3"
May 10 13:38 : player: played "Janji - Heroes Tonight (feat. Johnning) [NCS Release].mp3"
May 10 13:41 : player: played "N3WPORT - Power (feat. braev) [NCS Release].mp3"
May 10 13:50 : update: added /Naruto Sad Soundtrack Collection.mp3
May 10 13:50 : update: added /Cowboy Bebop OST.mp3
